<?xml version="1.0" encoding="UTF-8"?>
<coverage generated="1628796692027" clover="3.2.0">
  <project timestamp="1628796692028" name="All files">
    <metrics statements="12" coveredstatements="12" conditionals="0" coveredconditionals="0" methods="11" coveredmethods="11" elements="23" coveredelements="23" complexity="0" loc="12" ncloc="12" packages="1" files="2" classes="2"/>
    <file name="dpsl.js" path="/usr/local/google/home/mgawad/telemetry-support-extension-for-chromeos/src/dpsl.js">
      <metrics statements="1" coveredstatements="1" conditionals="0" coveredconditionals="0" methods="0" coveredmethods="0"/>
      <line num="19" count="1" type="stmt"/>
    </file>
    <file name="telemetry_requester.js" path="/usr/local/google/home/mgawad/telemetry-support-extension-for-chromeos/src/telemetry_requester.js">
      <metrics statements="11" coveredstatements="11" conditionals="0" coveredconditionals="0" methods="11" coveredmethods="11"/>
      <line num="36" count="1" type="stmt"/>
      <line num="45" count="1" type="stmt"/>
      <line num="54" count="1" type="stmt"/>
      <line num="63" count="1" type="stmt"/>
      <line num="72" count="1" type="stmt"/>
      <line num="81" count="1" type="stmt"/>
      <line num="90" count="1" type="stmt"/>
      <line num="99" count="1" type="stmt"/>
      <line num="108" count="1" type="stmt"/>
      <line num="117" count="1" type="stmt"/>
      <line num="126" count="1" type="stmt"/>
    </file>
  </project>
</coverage>
