{"/usr/local/google/home/mgawad/telemetry-support-extension-for-chromeos/src/dpsl.js": {"path":"/usr/local/google/home/mgawad/telemetry-support-extension-for-chromeos/src/dpsl.js","statementMap":{"0":{"start":{"line":19,"column":13},"end":{"line":21,"column":1}}},"fnMap":{},"branchMap":{},"s":{"0":1},"f":{},"b":{},"_coverageSchema":"1a1c01bbd47fc00a2c39e90264f33305004495a9","hash":"868854a1e0bfcb5ba4c8b385208c370b571f1c27"}
,"/usr/local/google/home/mgawad/telemetry-support-extension-for-chromeos/src/telemetry_requester.js": {"path":"/usr/local/google/home/mgawad/telemetry-support-extension-for-chromeos/src/telemetry_requester.js","statementMap":{"0":{"start":{"line":36,"column":4},"end":{"line":36,"column":40}},"1":{"start":{"line":45,"column":4},"end":{"line":45,"column":40}},"2":{"start":{"line":54,"column":4},"end":{"line":54,"column":40}},"3":{"start":{"line":63,"column":4},"end":{"line":63,"column":44}},"4":{"start":{"line":72,"column":4},"end":{"line":72,"column":44}},"5":{"start":{"line":81,"column":4},"end":{"line":81,"column":40}},"6":{"start":{"line":90,"column":4},"end":{"line":90,"column":40}},"7":{"start":{"line":99,"column":4},"end":{"line":99,"column":40}},"8":{"start":{"line":108,"column":4},"end":{"line":108,"column":40}},"9":{"start":{"line":117,"column":4},"end":{"line":117,"column":40}},"10":{"start":{"line":126,"column":4},"end":{"line":126,"column":40}}},"fnMap":{"0":{"name":"(anonymous_0)","decl":{"start":{"line":35,"column":2},"end":{"line":35,"column":3}},"loc":{"start":{"line":35,"column":27},"end":{"line":37,"column":3}},"line":35},"1":{"name":"(anonymous_1)","decl":{"start":{"line":44,"column":2},"end":{"line":44,"column":3}},"loc":{"start":{"line":44,"column":25},"end":{"line":46,"column":3}},"line":44},"2":{"name":"(anonymous_2)","decl":{"start":{"line":53,"column":2},"end":{"line":53,"column":3}},"loc":{"start":{"line":53,"column":27},"end":{"line":55,"column":3}},"line":53},"3":{"name":"(anonymous_3)","decl":{"start":{"line":62,"column":2},"end":{"line":62,"column":3}},"loc":{"start":{"line":62,"column":21},"end":{"line":64,"column":3}},"line":62},"4":{"name":"(anonymous_4)","decl":{"start":{"line":71,"column":2},"end":{"line":71,"column":3}},"loc":{"start":{"line":71,"column":21},"end":{"line":73,"column":3}},"line":71},"5":{"name":"(anonymous_5)","decl":{"start":{"line":80,"column":2},"end":{"line":80,"column":3}},"loc":{"start":{"line":80,"column":21},"end":{"line":82,"column":3}},"line":80},"6":{"name":"(anonymous_6)","decl":{"start":{"line":89,"column":2},"end":{"line":89,"column":3}},"loc":{"start":{"line":89,"column":21},"end":{"line":91,"column":3}},"line":89},"7":{"name":"(anonymous_7)","decl":{"start":{"line":98,"column":2},"end":{"line":98,"column":3}},"loc":{"start":{"line":98,"column":24},"end":{"line":100,"column":3}},"line":98},"8":{"name":"(anonymous_8)","decl":{"start":{"line":107,"column":2},"end":{"line":107,"column":3}},"loc":{"start":{"line":107,"column":42},"end":{"line":109,"column":3}},"line":107},"9":{"name":"(anonymous_9)","decl":{"start":{"line":116,"column":2},"end":{"line":116,"column":3}},"loc":{"start":{"line":116,"column":35},"end":{"line":118,"column":3}},"line":116},"10":{"name":"(anonymous_10)","decl":{"start":{"line":125,"column":2},"end":{"line":125,"column":3}},"loc":{"start":{"line":125,"column":26},"end":{"line":127,"column":3}},"line":125}},"branchMap":{},"s":{"0":1,"1":1,"2":1,"3":1,"4":1,"5":1,"6":1,"7":1,"8":1,"9":1,"10":1},"f":{"0":1,"1":1,"2":1,"3":1,"4":1,"5":1,"6":1,"7":1,"8":1,"9":1,"10":1},"b":{},"_coverageSchema":"1a1c01bbd47fc00a2c39e90264f33305004495a9","hash":"8a04efefa43205e62c100012e44d2f34a1a2fc48"}
}
