TN:
SF:src/dpsl.js
FNF:0
FNH:0
DA:19,1
LF:1
LH:1
BRF:0
BRH:0
end_of_record
TN:
SF:src/telemetry_requester.js
FN:35,(anonymous_0)
FN:44,(anonymous_1)
FN:53,(anonymous_2)
FN:62,(anonymous_3)
FN:71,(anonymous_4)
FN:80,(anonymous_5)
FN:89,(anonymous_6)
FN:98,(anonymous_7)
FN:107,(anonymous_8)
FN:116,(anonymous_9)
FN:125,(anonymous_10)
FNF:11
FNH:11
FNDA:1,(anonymous_0)
FNDA:1,(anonymous_1)
FNDA:1,(anonymous_2)
FNDA:1,(anonymous_3)
FNDA:1,(anonymous_4)
FNDA:1,(anonymous_5)
FNDA:1,(anonymous_6)
FNDA:1,(anonymous_7)
FNDA:1,(anonymous_8)
FNDA:1,(anonymous_9)
FNDA:1,(anonymous_10)
DA:36,1
DA:45,1
DA:54,1
DA:63,1
DA:72,1
DA:81,1
DA:90,1
DA:99,1
DA:108,1
DA:117,1
DA:126,1
LF:11
LH:11
BRF:0
BRH:0
end_of_record
